2014-08-25 21:00:37 [INFO] Starting minecraft server version 1.6.4
2014-08-25 21:00:37 [INFO] Loading properties
2014-08-25 21:00:37 [WARNING] server.properties does not exist
2014-08-25 21:00:37 [INFO] Generating new properties file
2014-08-25 21:00:37 [INFO] Default game type: SURVIVAL
2014-08-25 21:00:37 [INFO] Generating keypair
2014-08-25 21:00:38 [INFO] Starting Minecraft server on *:25565
2014-08-25 21:00:39 [INFO] This server is running CraftBukkit version git-Bukkit-1.6.4-R2.0-b2918jnks (MC: 1.6.4) (Implementing API version 1.6.4-R2.0)
2014-08-25 21:00:39 [WARNING] Failed to load operators list: java.io.FileNotFoundException: .\ops.txt (The system cannot find the file specified)
2014-08-25 21:00:39 [WARNING] Failed to load white-list: java.io.FileNotFoundException: .\white-list.txt (The system cannot find the file specified)
2014-08-25 21:00:39 [INFO] Preparing level "world"
2014-08-25 21:00:39 [INFO] Preparing start region for level 0 (Seed: 4323662571190655940)
2014-08-25 21:00:40 [INFO] Preparing spawn area: 13%
2014-08-25 21:00:41 [INFO] Preparing spawn area: 29%
2014-08-25 21:00:42 [INFO] Preparing spawn area: 48%
2014-08-25 21:00:43 [INFO] Preparing spawn area: 68%
2014-08-25 21:00:44 [INFO] Preparing spawn area: 87%
2014-08-25 21:00:45 [INFO] Preparing start region for level 1 (Seed: 4323662571190655940)
2014-08-25 21:00:46 [INFO] Preparing spawn area: 17%
2014-08-25 21:00:47 [INFO] Preparing spawn area: 39%
2014-08-25 21:00:48 [INFO] Preparing spawn area: 60%
2014-08-25 21:00:49 [INFO] Preparing spawn area: 86%
2014-08-25 21:00:50 [INFO] Preparing start region for level 2 (Seed: 4323662571190655940)
2014-08-25 21:00:51 [INFO] Preparing spawn area: 46%
2014-08-25 21:00:51 [INFO] Done (12.503s)! For help, type "help" or "?"
2014-08-25 21:03:12 [INFO] Unknown command. Type "help" for help.[m
2014-08-25 21:03:13 [INFO] Unknown command. Type "help" for help.[m
2014-08-25 21:03:18 [INFO] [0;33;1m--------- [0;37;1mHelp: Index [0;33;1m---------------------------[m
2014-08-25 21:03:18 [INFO] [0;37;22mUse /help [n] to get page n of help.[m
2014-08-25 21:03:18 [INFO] [0;33;22mAliases: [0;37;1mLists command aliases[m
2014-08-25 21:03:18 [INFO] [0;33;22mBukkit: [0;37;1mAll commands for Bukkit[m
2014-08-25 21:03:18 [INFO] [0;33;22m/ban: [0;37;1mPrevents the specified player from using this server[m
2014-08-25 21:03:18 [INFO] [0;33;22m/ban-ip: [0;37;1mPrevents the specified IP address from using this server[m
2014-08-25 21:03:18 [INFO] [0;33;22m/banlist: [0;37;1mView all players banned from this server[m
2014-08-25 21:03:18 [INFO] [0;33;22m/clear: [0;37;1mClears the player's inventory. Can specify item and data filters too.[m
2014-08-25 21:03:18 [INFO] [0;33;22m/defaultgamemode: [0;37;1mSet the default gamemode[m
2014-08-25 21:03:18 [INFO] [0;33;22m/deop: [0;37;1mTakes the specified player's operator status[m
2014-08-25 21:03:18 [INFO] [0;33;22m/difficulty: [0;37;1mSets the game difficulty[m
2014-08-25 21:03:18 [INFO] [0;33;22m/effect: [0;37;1mAdds/Removes effects on players[m
2014-08-25 21:03:18 [INFO] [0;33;22m/enchant: [0;37;1mAdds enchantments to the item the player is currently holding. Specify 0 for the level to remove an enchantment. Specify force to ignore normal enchantment restrictions[m
2014-08-25 21:03:18 [INFO] [0;33;22m/gamemode: [0;37;1mChanges the player to a specific game mode[m
2014-08-25 21:03:18 [INFO] [0;33;22m/gamerule: [0;37;1mSets a server's game rules[m
2014-08-25 21:03:18 [INFO] [0;33;22m/give: [0;37;1mGives the specified player a certain amount of items[m
2014-08-25 21:03:18 [INFO] [0;33;22m/help: [0;37;1mShows the help menu[m
2014-08-25 21:03:18 [INFO] [0;33;22m/kick: [0;37;1mRemoves the specified player from the server[m
2014-08-25 21:03:18 [INFO] [0;33;22m/kill: [0;37;1mCommits suicide, only usable as a player[m
2014-08-25 21:03:18 [INFO] [0;33;22m/list: [0;37;1mLists all online players[m
2014-08-25 21:03:18 [INFO] [0;33;22m/me: [0;37;1mPerforms the specified action in chat[m
2014-08-25 21:03:18 [INFO] [0;33;22m/op: [0;37;1mGives the specified player operator status[m
2014-08-25 21:03:18 [INFO] [0;33;22m/pardon: [0;37;1mAllows the specified player to use this server[m
2014-08-25 21:03:18 [INFO] [0;33;22m/pardon-ip: [0;37;1mAllows the specified IP address to use this server[m
2014-08-25 21:03:18 [INFO] [0;33;22m/playsound: [0;37;1mPlays a sound to a given player[m
2014-08-25 21:03:18 [INFO] [0;33;22m/plugins: [0;37;1mGets a list of plugins running on the server[m
2014-08-25 21:03:18 [INFO] [0;33;22m/reload: [0;37;1mReloads the server configuration and plugins[m
2014-08-25 21:03:18 [INFO] [0;33;22m/save-all: [0;37;1mSaves the server to disk[m
2014-08-25 21:03:18 [INFO] [0;33;22m/save-off: [0;37;1mDisables server autosaving[m
2014-08-25 21:03:18 [INFO] [0;33;22m/save-on: [0;37;1mEnables server autosaving[m
2014-08-25 21:03:18 [INFO] [0;33;22m/say: [0;37;1mBroadcasts the given message as the console[m
2014-08-25 21:03:18 [INFO] [0;33;22m/scoreboard: [0;37;1mScoreboard control[m
2014-08-25 21:03:18 [INFO] [0;33;22m/seed: [0;37;1mShows the world seed[m
2014-08-25 21:03:18 [INFO] [0;33;22m/spawnpoint: [0;37;1mSets a player's spawn point[m
2014-08-25 21:03:18 [INFO] [0;33;22m/spreadplayers: [0;37;1mSpreads players around a point[m
2014-08-25 21:03:18 [INFO] [0;33;22m/stop: [0;37;1mStops the server with optional reason[m
2014-08-25 21:03:18 [INFO] [0;33;22m/tell: [0;37;1mSends a private message to the given player[m
2014-08-25 21:03:18 [INFO] [0;33;22m/testfor: [0;37;1mTests whether a specifed player is online[m
2014-08-25 21:03:18 [INFO] [0;33;22m/time: [0;37;1mChanges the time on each world[m
2014-08-25 21:03:18 [INFO] [0;33;22m/timings: [0;37;1mRecords timings for all plugin events[m
2014-08-25 21:03:18 [INFO] [0;33;22m/toggledownfall: [0;37;1mToggles rain on/off on a given world[m
2014-08-25 21:03:18 [INFO] [0;33;22m/tp: [0;37;1mTeleports the given player (or yourself) to another player or coordinates[m
2014-08-25 21:03:18 [INFO] [0;33;22m/version: [0;37;1mGets the version of this server including any plugins in use[m
2014-08-25 21:03:18 [INFO] [0;33;22m/weather: [0;37;1mChanges the weather[m
2014-08-25 21:03:18 [INFO] [0;33;22m/whitelist: [0;37;1mManages the list of players allowed to use this server[m
2014-08-25 21:03:18 [INFO] [0;33;22m/xp: [0;37;1mGives the specified player a certain amount of experience. Specify <amount>L to give levels instead, with a negative amount resulting in taking levels.[m
2014-08-25 21:03:25 [INFO] Unknown command. Type "help" for help.[m
2014-08-25 21:03:28 [INFO] Unknown command. Type "help" for help.[m
2014-08-25 21:03:39 [INFO] Starting minecraft server version 1.6.4
2014-08-25 21:03:39 [INFO] Loading properties
2014-08-25 21:03:39 [INFO] Default game type: SURVIVAL
2014-08-25 21:03:39 [INFO] Generating keypair
2014-08-25 21:03:39 [INFO] Starting Minecraft server on *:25565
2014-08-25 21:03:39 [INFO] This server is running CraftBukkit version git-Bukkit-1.6.4-R2.0-b2918jnks (MC: 1.6.4) (Implementing API version 1.6.4-R2.0)
2014-08-25 21:03:39 [SEVERE] Could not load 'plugins\minecraftTest.jar' in folder 'plugins'
org.bukkit.plugin.InvalidDescriptionException: Invalid plugin.yml
	at org.bukkit.plugin.java.JavaPluginLoader.getPluginDescription(JavaPluginLoader.java:247)
	at org.bukkit.plugin.SimplePluginManager.loadPlugins(SimplePluginManager.java:132)
	at org.bukkit.craftbukkit.v1_6_R3.CraftServer.loadPlugins(CraftServer.java:241)
	at org.bukkit.craftbukkit.v1_6_R3.CraftServer.<init>(CraftServer.java:219)
	at net.minecraft.server.v1_6_R3.PlayerList.<init>(PlayerList.java:56)
	at net.minecraft.server.v1_6_R3.DedicatedPlayerList.<init>(SourceFile:11)
	at net.minecraft.server.v1_6_R3.DedicatedServer.init(DedicatedServer.java:107)
	at net.minecraft.server.v1_6_R3.MinecraftServer.run(MinecraftServer.java:393)
	at net.minecraft.server.v1_6_R3.ThreadServerApplication.run(SourceFile:583)
Caused by: java.io.FileNotFoundException: Jar does not contain plugin.yml
	... 9 more
2014-08-25 21:03:39 [INFO] Preparing level "world"
2014-08-25 21:03:40 [INFO] Preparing start region for level 0 (Seed: 2123413182149319735)
2014-08-25 21:03:41 [INFO] Preparing spawn area: 12%
2014-08-25 21:03:42 [INFO] Preparing spawn area: 26%
2014-08-25 21:03:43 [INFO] Preparing spawn area: 45%
2014-08-25 21:03:44 [INFO] Preparing spawn area: 86%
2014-08-25 21:03:44 [INFO] Preparing start region for level 1 (Seed: 2123413182149319735)
2014-08-25 21:03:44 [INFO] Preparing start region for level 2 (Seed: 2123413182149319735)
2014-08-25 21:03:45 [INFO] Server permissions file permissions.yml is empty, ignoring it
2014-08-25 21:03:45 [INFO] Done (5.353s)! For help, type "help" or "?"
2014-08-25 21:03:52 [INFO] Plugins (0): [m
2014-08-25 21:04:43 [INFO] Starting minecraft server version 1.6.4
2014-08-25 21:04:43 [INFO] Loading properties
2014-08-25 21:04:43 [INFO] Default game type: SURVIVAL
2014-08-25 21:04:43 [INFO] Generating keypair
2014-08-25 21:04:43 [INFO] Starting Minecraft server on *:25565
2014-08-25 21:04:44 [INFO] This server is running CraftBukkit version git-Bukkit-1.6.4-R2.0-b2918jnks (MC: 1.6.4) (Implementing API version 1.6.4-R2.0)
2014-08-25 21:04:44 [SEVERE] Could not load 'plugins\minecraftTest.jar' in folder 'plugins'
org.bukkit.plugin.InvalidDescriptionException: Invalid plugin.yml
	at org.bukkit.plugin.java.JavaPluginLoader.getPluginDescription(JavaPluginLoader.java:247)
	at org.bukkit.plugin.SimplePluginManager.loadPlugins(SimplePluginManager.java:132)
	at org.bukkit.craftbukkit.v1_6_R3.CraftServer.loadPlugins(CraftServer.java:241)
	at org.bukkit.craftbukkit.v1_6_R3.CraftServer.<init>(CraftServer.java:219)
	at net.minecraft.server.v1_6_R3.PlayerList.<init>(PlayerList.java:56)
	at net.minecraft.server.v1_6_R3.DedicatedPlayerList.<init>(SourceFile:11)
	at net.minecraft.server.v1_6_R3.DedicatedServer.init(DedicatedServer.java:107)
	at net.minecraft.server.v1_6_R3.MinecraftServer.run(MinecraftServer.java:393)
	at net.minecraft.server.v1_6_R3.ThreadServerApplication.run(SourceFile:583)
Caused by: java.io.FileNotFoundException: Jar does not contain plugin.yml
	... 9 more
2014-08-25 21:04:44 [INFO] Preparing level "world"
2014-08-25 21:04:44 [INFO] Preparing start region for level 0 (Seed: -2678902613635992757)
2014-08-25 21:04:45 [INFO] Preparing spawn area: 26%
2014-08-25 21:04:46 [INFO] Preparing spawn area: 42%
2014-08-25 21:04:47 [INFO] Preparing spawn area: 62%
2014-08-25 21:04:48 [INFO] Preparing spawn area: 89%
2014-08-25 21:04:48 [INFO] Preparing start region for level 1 (Seed: -2678902613635992757)
2014-08-25 21:04:48 [INFO] Preparing start region for level 2 (Seed: -2678902613635992757)
2014-08-25 21:04:49 [INFO] Server permissions file permissions.yml is empty, ignoring it
2014-08-25 21:04:49 [INFO] Done (4.904s)! For help, type "help" or "?"
2014-08-25 21:05:54 [INFO] Starting minecraft server version 1.6.4
2014-08-25 21:05:54 [INFO] Loading properties
2014-08-25 21:05:54 [INFO] Default game type: SURVIVAL
2014-08-25 21:05:54 [INFO] Generating keypair
2014-08-25 21:05:54 [INFO] Starting Minecraft server on *:25565
2014-08-25 21:05:54 [INFO] This server is running CraftBukkit version git-Bukkit-1.6.4-R2.0-b2918jnks (MC: 1.6.4) (Implementing API version 1.6.4-R2.0)
2014-08-25 21:05:54 [SEVERE] Could not load 'plugins\minecraftTest.jar' in folder 'plugins'
org.bukkit.plugin.InvalidDescriptionException: Invalid plugin.yml
	at org.bukkit.plugin.java.JavaPluginLoader.getPluginDescription(JavaPluginLoader.java:247)
	at org.bukkit.plugin.SimplePluginManager.loadPlugins(SimplePluginManager.java:132)
	at org.bukkit.craftbukkit.v1_6_R3.CraftServer.loadPlugins(CraftServer.java:241)
	at org.bukkit.craftbukkit.v1_6_R3.CraftServer.<init>(CraftServer.java:219)
	at net.minecraft.server.v1_6_R3.PlayerList.<init>(PlayerList.java:56)
	at net.minecraft.server.v1_6_R3.DedicatedPlayerList.<init>(SourceFile:11)
	at net.minecraft.server.v1_6_R3.DedicatedServer.init(DedicatedServer.java:107)
	at net.minecraft.server.v1_6_R3.MinecraftServer.run(MinecraftServer.java:393)
	at net.minecraft.server.v1_6_R3.ThreadServerApplication.run(SourceFile:583)
Caused by: java.io.FileNotFoundException: Jar does not contain plugin.yml
	... 9 more
2014-08-25 21:05:55 [INFO] Preparing level "world"
2014-08-25 21:05:55 [WARNING] Unable to find spawn biome
2014-08-25 21:05:55 [INFO] Preparing start region for level 0 (Seed: -6963997123558301147)
2014-08-25 21:05:56 [INFO] Preparing spawn area: 14%
2014-08-25 21:05:57 [INFO] Preparing spawn area: 37%
2014-08-25 21:05:58 [INFO] Preparing spawn area: 65%
2014-08-25 21:06:56 [INFO] Starting minecraft server version 1.6.4
2014-08-25 21:06:56 [INFO] Loading properties
2014-08-25 21:06:56 [INFO] Default game type: SURVIVAL
2014-08-25 21:06:56 [INFO] Generating keypair
2014-08-25 21:06:56 [INFO] Starting Minecraft server on *:25565
2014-08-25 21:06:56 [INFO] This server is running CraftBukkit version git-Bukkit-1.6.4-R2.0-b2918jnks (MC: 1.6.4) (Implementing API version 1.6.4-R2.0)
2014-08-25 21:06:56 [INFO] [MinecraftTest] Loading MinecraftTest v0.0.1
2014-08-25 21:06:56 [INFO] Preparing level "world"
2014-08-25 21:06:57 [INFO] Preparing start region for level 0 (Seed: 4132268075241028673)
2014-08-25 21:06:58 [INFO] Preparing spawn area: 14%
2014-08-25 21:06:59 [INFO] Preparing spawn area: 36%
2014-08-25 21:07:00 [INFO] Preparing spawn area: 82%
2014-08-25 21:07:00 [INFO] Preparing start region for level 1 (Seed: 4132268075241028673)
2014-08-25 21:07:01 [INFO] Preparing start region for level 2 (Seed: 4132268075241028673)
2014-08-25 21:07:01 [INFO] [MinecraftTest] Enabling MinecraftTest v0.0.1
2014-08-25 21:07:01 [INFO] [MinecraftTest] Hello World!
2014-08-25 21:07:01 [INFO] Server permissions file permissions.yml is empty, ignoring it
2014-08-25 21:07:01 [INFO] Done (4.456s)! For help, type "help" or "?"
2014-08-25 21:07:02 [INFO] Plugins (1): [0;32;1mMinecraftTest[m
2014-08-25 21:08:04 [INFO] Unknown command. Type "help" for help.[m
2014-08-25 21:08:06 [INFO] Unknown command. Type "help" for help.[m
2014-08-25 21:08:09 [INFO] Unknown command. Type "help" for help.[m
2014-08-25 21:08:10 [INFO] [0;33;1m--------- [0;37;1mHelp: Index [0;33;1m---------------------------[m
2014-08-25 21:08:10 [INFO] [0;37;22mUse /help [n] to get page n of help.[m
2014-08-25 21:08:10 [INFO] [0;33;22mAliases: [0;37;1mLists command aliases[m
2014-08-25 21:08:10 [INFO] [0;33;22mBukkit: [0;37;1mAll commands for Bukkit[m
2014-08-25 21:08:10 [INFO] [0;33;22m/ban: [0;37;1mPrevents the specified player from using this server[m
2014-08-25 21:08:10 [INFO] [0;33;22m/ban-ip: [0;37;1mPrevents the specified IP address from using this server[m
2014-08-25 21:08:10 [INFO] [0;33;22m/banlist: [0;37;1mView all players banned from this server[m
2014-08-25 21:08:10 [INFO] [0;33;22m/clear: [0;37;1mClears the player's inventory. Can specify item and data filters too.[m
2014-08-25 21:08:10 [INFO] [0;33;22m/defaultgamemode: [0;37;1mSet the default gamemode[m
2014-08-25 21:08:10 [INFO] [0;33;22m/deop: [0;37;1mTakes the specified player's operator status[m
2014-08-25 21:08:10 [INFO] [0;33;22m/difficulty: [0;37;1mSets the game difficulty[m
2014-08-25 21:08:10 [INFO] [0;33;22m/effect: [0;37;1mAdds/Removes effects on players[m
2014-08-25 21:08:10 [INFO] [0;33;22m/enchant: [0;37;1mAdds enchantments to the item the player is currently holding. Specify 0 for the level to remove an enchantment. Specify force to ignore normal enchantment restrictions[m
2014-08-25 21:08:10 [INFO] [0;33;22m/gamemode: [0;37;1mChanges the player to a specific game mode[m
2014-08-25 21:08:10 [INFO] [0;33;22m/gamerule: [0;37;1mSets a server's game rules[m
2014-08-25 21:08:10 [INFO] [0;33;22m/give: [0;37;1mGives the specified player a certain amount of items[m
2014-08-25 21:08:10 [INFO] [0;33;22m/help: [0;37;1mShows the help menu[m
2014-08-25 21:08:10 [INFO] [0;33;22m/kick: [0;37;1mRemoves the specified player from the server[m
2014-08-25 21:08:10 [INFO] [0;33;22m/kill: [0;37;1mCommits suicide, only usable as a player[m
2014-08-25 21:08:10 [INFO] [0;33;22m/list: [0;37;1mLists all online players[m
2014-08-25 21:08:10 [INFO] [0;33;22m/me: [0;37;1mPerforms the specified action in chat[m
2014-08-25 21:08:10 [INFO] [0;33;22m/op: [0;37;1mGives the specified player operator status[m
2014-08-25 21:08:10 [INFO] [0;33;22m/pardon: [0;37;1mAllows the specified player to use this server[m
2014-08-25 21:08:10 [INFO] [0;33;22m/pardon-ip: [0;37;1mAllows the specified IP address to use this server[m
2014-08-25 21:08:10 [INFO] [0;33;22m/playsound: [0;37;1mPlays a sound to a given player[m
2014-08-25 21:08:10 [INFO] [0;33;22m/plugins: [0;37;1mGets a list of plugins running on the server[m
2014-08-25 21:08:10 [INFO] [0;33;22m/reload: [0;37;1mReloads the server configuration and plugins[m
2014-08-25 21:08:10 [INFO] [0;33;22m/save-all: [0;37;1mSaves the server to disk[m
2014-08-25 21:08:10 [INFO] [0;33;22m/save-off: [0;37;1mDisables server autosaving[m
2014-08-25 21:08:10 [INFO] [0;33;22m/save-on: [0;37;1mEnables server autosaving[m
2014-08-25 21:08:10 [INFO] [0;33;22m/say: [0;37;1mBroadcasts the given message as the console[m
2014-08-25 21:08:10 [INFO] [0;33;22m/scoreboard: [0;37;1mScoreboard control[m
2014-08-25 21:08:10 [INFO] [0;33;22m/seed: [0;37;1mShows the world seed[m
2014-08-25 21:08:10 [INFO] [0;33;22m/spawnpoint: [0;37;1mSets a player's spawn point[m
2014-08-25 21:08:10 [INFO] [0;33;22m/spreadplayers: [0;37;1mSpreads players around a point[m
2014-08-25 21:08:10 [INFO] [0;33;22m/stop: [0;37;1mStops the server with optional reason[m
2014-08-25 21:08:10 [INFO] [0;33;22m/tell: [0;37;1mSends a private message to the given player[m
2014-08-25 21:08:10 [INFO] [0;33;22m/testfor: [0;37;1mTests whether a specifed player is online[m
2014-08-25 21:08:10 [INFO] [0;33;22m/time: [0;37;1mChanges the time on each world[m
2014-08-25 21:08:10 [INFO] [0;33;22m/timings: [0;37;1mRecords timings for all plugin events[m
2014-08-25 21:08:10 [INFO] [0;33;22m/toggledownfall: [0;37;1mToggles rain on/off on a given world[m
2014-08-25 21:08:10 [INFO] [0;33;22m/tp: [0;37;1mTeleports the given player (or yourself) to another player or coordinates[m
2014-08-25 21:08:10 [INFO] [0;33;22m/version: [0;37;1mGets the version of this server including any plugins in use[m
2014-08-25 21:08:10 [INFO] [0;33;22m/weather: [0;37;1mChanges the weather[m
2014-08-25 21:08:10 [INFO] [0;33;22m/whitelist: [0;37;1mManages the list of players allowed to use this server[m
2014-08-25 21:08:10 [INFO] [0;33;22m/xp: [0;37;1mGives the specified player a certain amount of experience. Specify <amount>L to give levels instead, with a negative amount resulting in taking levels.[m
2014-08-25 21:08:19 [INFO] Plugins (1): [0;32;1mMinecraftTest[m
2014-08-25 21:08:23 [INFO] [0;33;1m--------- [0;37;1mHelp: /plugins [0;33;1m------------------------[m
2014-08-25 21:08:23 [INFO] [0;33;22mDescription: [0;37;1mGets a list of plugins running on the server[m
2014-08-25 21:08:23 [INFO] [0;33;22mUsage: [0;37;1m/plugins[m
2014-08-25 21:08:23 [INFO] [0;33;22mAliases: [0;37;1m[0;37;1mpl[m
2014-08-25 21:09:15 [INFO] [MinecraftTest] Disabling MinecraftTest v0.0.1
2014-08-25 21:09:15 [INFO] [MinecraftTest] Goodbye World!
2014-08-25 21:09:15 [INFO] [MinecraftTest] Loading MinecraftTest v0.0.1
2014-08-25 21:09:15 [INFO] [MinecraftTest] Enabling MinecraftTest v0.0.1
2014-08-25 21:09:15 [INFO] [MinecraftTest] Hello World!
2014-08-25 21:09:15 [INFO] Server permissions file permissions.yml is empty, ignoring it
2014-08-25 21:09:15 [INFO] CONSOLE: [0;32;1mReload complete.[m
2014-08-26 00:36:24 [INFO] Unknown command. Type "help" for help.[m
2014-08-26 00:36:28 [INFO] CONSOLE: Stopping the server..[m
2014-08-26 00:36:28 [INFO] Stopping server
2014-08-26 00:36:28 [INFO] [MinecraftTest] Disabling MinecraftTest v0.0.1
2014-08-26 00:36:28 [INFO] [MinecraftTest] Goodbye World!
2014-08-26 00:36:28 [INFO] Saving players
2014-08-26 00:36:28 [WARNING] DSCT: socket closed
2014-08-26 00:36:28 [INFO] Saving worlds
2014-08-26 00:36:28 [INFO] Closing listening thread
2014-08-26 00:36:28 [INFO] Saving chunks for level 'world'/Overworld
2014-08-26 00:36:28 [INFO] Saving chunks for level 'world_nether'/Nether
2014-08-26 00:36:28 [INFO] Saving chunks for level 'world_the_end'/The End
2014-08-26 00:36:39 [INFO] Starting minecraft server version 1.6.4
2014-08-26 00:36:39 [INFO] Loading properties
2014-08-26 00:36:39 [INFO] Default game type: SURVIVAL
2014-08-26 00:36:39 [INFO] Generating keypair
2014-08-26 00:36:40 [INFO] Starting Minecraft server on *:25565
2014-08-26 00:36:40 [INFO] This server is running CraftBukkit version git-Bukkit-1.6.4-R2.0-b2918jnks (MC: 1.6.4) (Implementing API version 1.6.4-R2.0)
2014-08-26 00:36:40 [INFO] [MinecraftTest] Loading MinecraftTest v0.0.1
2014-08-26 00:36:40 [INFO] Preparing level "world"
2014-08-26 00:36:40 [INFO] Preparing start region for level 0 (Seed: 4132268075241028673)
2014-08-26 00:36:41 [INFO] Preparing start region for level 1 (Seed: 4132268075241028673)
2014-08-26 00:36:41 [INFO] Preparing start region for level 2 (Seed: 4132268075241028673)
2014-08-26 00:36:41 [INFO] [MinecraftTest] Enabling MinecraftTest v0.0.1
2014-08-26 00:36:41 [INFO] [MinecraftTest] Starting to enable Test Plugin
2014-08-26 00:36:41 [INFO] Server permissions file permissions.yml is empty, ignoring it
2014-08-26 00:36:42 [INFO] Done (1.509s)! For help, type "help" or "?"
2014-08-26 00:36:48 [INFO] Unknown command. Type "help" for help.[m
2014-08-26 00:36:50 [INFO] Unknown command. Type "help" for help.[m
2014-08-26 00:36:53 [INFO] Plugins (1): [0;32;1mMinecraftTest[m
2014-08-26 00:50:32 [INFO] Starting minecraft server version 1.6.4
2014-08-26 00:50:32 [INFO] Loading properties
2014-08-26 00:50:32 [INFO] Default game type: SURVIVAL
2014-08-26 00:50:32 [INFO] Generating keypair
2014-08-26 00:50:32 [INFO] Starting Minecraft server on *:25565
2014-08-26 00:50:32 [INFO] This server is running CraftBukkit version git-Bukkit-1.6.4-R2.0-b2918jnks (MC: 1.6.4) (Implementing API version 1.6.4-R2.0)
2014-08-26 00:50:32 [WARNING] Could not get information about this CraftBukkit version; perhaps you are running a custom one?: UnknownHostException
2014-08-26 00:50:32 [WARNING] Could not get latest artifact information: UnknownHostException
2014-08-26 00:50:32 [INFO] [MinecraftTest] Loading MinecraftTest v0.0.1
2014-08-26 00:50:32 [INFO] Preparing level "world"
2014-08-26 00:50:32 [INFO] Preparing start region for level 0 (Seed: 4132268075241028673)
2014-08-26 00:50:33 [INFO] Preparing start region for level 1 (Seed: 4132268075241028673)
2014-08-26 00:50:33 [INFO] Preparing start region for level 2 (Seed: 4132268075241028673)
2014-08-26 00:50:34 [INFO] [MinecraftTest] Enabling MinecraftTest v0.0.1
2014-08-26 00:50:34 [INFO] [MinecraftTest] Starting to enable Test Plugin
2014-08-26 00:50:34 [INFO] Server permissions file permissions.yml is empty, ignoring it
2014-08-26 00:50:34 [INFO] Done (1.298s)! For help, type "help" or "?"
2014-08-26 10:17:39 [INFO] THE_F3l1x[/127.0.0.1:4945] logged in with entity id 111 at ([world] -74.5, 70.0, 247.5)
2014-08-26 10:18:21 [INFO] Connection reset
2014-08-26 10:18:21 [INFO] THE_F3l1x lost connection: disconnect.endOfStream
2014-08-26 10:18:21 [INFO] §eTHE_F3l1x left the game.
2014-08-26 11:29:48 [INFO] Starting minecraft server version 1.6.4
2014-08-26 11:29:48 [INFO] Loading properties
2014-08-26 11:29:48 [INFO] Default game type: SURVIVAL
2014-08-26 11:29:48 [INFO] Generating keypair
2014-08-26 11:29:49 [INFO] Starting Minecraft server on *:25565
2014-08-26 11:29:49 [INFO] This server is running CraftBukkit version git-Bukkit-1.6.4-R2.0-b2918jnks (MC: 1.6.4) (Implementing API version 1.6.4-R2.0)
2014-08-26 11:29:49 [INFO] [MinecraftTest] Loading MinecraftTest v0.0.1
2014-08-26 11:29:49 [INFO] Preparing level "world"
2014-08-26 11:29:49 [INFO] Preparing start region for level 0 (Seed: 4132268075241028673)
2014-08-26 11:29:50 [INFO] Preparing start region for level 1 (Seed: 4132268075241028673)
2014-08-26 11:29:50 [INFO] Preparing start region for level 2 (Seed: 4132268075241028673)
2014-08-26 11:29:50 [INFO] [MinecraftTest] Enabling MinecraftTest v0.0.1
2014-08-26 11:29:50 [INFO] [MinecraftTest] Starting to enable Test Plugin
2014-08-26 11:29:50 [INFO] Server permissions file permissions.yml is empty, ignoring it
2014-08-26 11:29:50 [INFO] Done (1.298s)! For help, type "help" or "?"
2014-08-26 11:30:17 [INFO] THE_F3l1x[/127.0.0.1:17005] logged in with entity id 255 at ([world] -74.5, 70.0, 247.5)
2014-08-26 11:30:25 [INFO] THE_F3l1x issued server command: /time day
2014-08-26 11:30:31 [INFO] THE_F3l1x issued server command: /time set day
2014-08-26 11:30:37 [INFO] CONSOLE: Opped the_f3l1x[m
2014-08-26 11:30:40 [INFO] THE_F3l1x issued server command: /time set day
2014-08-26 11:30:40 [INFO] THE_F3l1x: Set time to 0[m
2014-08-26 11:30:58 [INFO] THE_F3l1x issued server command: /give the_f3l1x iron_pickaxe 1
2014-08-26 11:30:58 [INFO] THE_F3l1x: Gave THE_F3l1x some 257 (IRON_PICKAXE)[m
2014-08-26 11:32:36 [INFO] Starting minecraft server version 1.6.4
2014-08-26 11:32:36 [INFO] Loading properties
2014-08-26 11:32:36 [INFO] Default game type: SURVIVAL
2014-08-26 11:32:36 [INFO] Generating keypair
2014-08-26 11:32:36 [INFO] Starting Minecraft server on *:25565
2014-08-26 11:32:36 [INFO] This server is running CraftBukkit version git-Bukkit-1.6.4-R2.0-b2918jnks (MC: 1.6.4) (Implementing API version 1.6.4-R2.0)
2014-08-26 11:32:36 [INFO] [MinecraftTest] Loading MinecraftTest v0.0.1
2014-08-26 11:32:36 [INFO] Preparing level "world"
2014-08-26 11:32:36 [INFO] Preparing start region for level 0 (Seed: 4132268075241028673)
2014-08-26 11:32:37 [INFO] Preparing start region for level 1 (Seed: 4132268075241028673)
2014-08-26 11:32:37 [INFO] Preparing start region for level 2 (Seed: 4132268075241028673)
2014-08-26 11:32:38 [INFO] [MinecraftTest] Enabling MinecraftTest v0.0.1
2014-08-26 11:32:38 [INFO] [MinecraftTest] Starting to enable Test Plugin
2014-08-26 11:32:38 [INFO] Server permissions file permissions.yml is empty, ignoring it
2014-08-26 11:32:38 [INFO] Done (1.524s)! For help, type "help" or "?"
2014-08-26 11:32:42 [INFO] THE_F3l1x[/127.0.0.1:17374] logged in with entity id 255 at ([world] -74.5, 70.0, 247.5)
2014-08-26 11:32:50 [INFO] THE_F3l1x issued server command: /time set 1
2014-08-26 11:32:50 [INFO] THE_F3l1x: Set time to 1[m
2014-08-26 11:33:05 [INFO] THE_F3l1x issued server command: /give the_f3l1x iron_pickaxe 1
2014-08-26 11:33:05 [INFO] THE_F3l1x: Gave THE_F3l1x some 257 (IRON_PICKAXE)[m
2014-08-26 11:33:28 [INFO] Connection reset
2014-08-26 11:33:28 [INFO] THE_F3l1x lost connection: disconnect.quitting
2014-08-26 11:33:28 [INFO] §eTHE_F3l1x left the game.
2014-08-26 11:33:31 [INFO] CONSOLE: Stopping the server..[m
2014-08-26 11:33:31 [INFO] Stopping server
2014-08-26 11:33:31 [INFO] [MinecraftTest] Disabling MinecraftTest v0.0.1
2014-08-26 11:33:31 [INFO] [MinecraftTest] Goodbye World!
2014-08-26 11:33:31 [INFO] Saving players
2014-08-26 11:33:31 [WARNING] DSCT: socket closed
2014-08-26 11:33:31 [INFO] Saving worlds
2014-08-26 11:33:31 [INFO] Closing listening thread
2014-08-26 11:33:31 [INFO] Saving chunks for level 'world'/Overworld
2014-08-26 11:33:32 [INFO] Saving chunks for level 'world_nether'/Nether
2014-08-26 11:33:32 [INFO] Saving chunks for level 'world_the_end'/The End
2014-08-26 11:33:32 [INFO] Stopping server
2014-08-26 12:11:45 [INFO] Starting minecraft server version 1.6.4
2014-08-26 12:11:45 [INFO] Loading properties
2014-08-26 12:11:45 [INFO] Default game type: SURVIVAL
2014-08-26 12:11:45 [INFO] Generating keypair
2014-08-26 12:11:45 [INFO] Starting Minecraft server on *:25565
2014-08-26 12:11:45 [INFO] This server is running CraftBukkit version git-Bukkit-1.6.4-R2.0-b2918jnks (MC: 1.6.4) (Implementing API version 1.6.4-R2.0)
2014-08-26 12:11:45 [INFO] [MinecraftTest] Loading MinecraftTest v0.0.1
2014-08-26 12:11:45 [INFO] Preparing level "world"
2014-08-26 12:11:45 [INFO] Preparing start region for level 0 (Seed: 4132268075241028673)
2014-08-26 12:11:46 [INFO] Preparing start region for level 1 (Seed: 4132268075241028673)
2014-08-26 12:11:46 [INFO] Preparing start region for level 2 (Seed: 4132268075241028673)
2014-08-26 12:11:47 [INFO] [MinecraftTest] Enabling MinecraftTest v0.0.1
2014-08-26 12:11:47 [INFO] [MinecraftTest] Starting to enable Test Plugin
2014-08-26 12:11:47 [INFO] Server permissions file permissions.yml is empty, ignoring it
2014-08-26 12:11:47 [INFO] Done (1.533s)! For help, type "help" or "?"
2014-08-26 12:11:51 [INFO] THE_F3l1x[/127.0.0.1:23355] logged in with entity id 221 at ([world] -59.32059319428855, 78.0, 256.7574782940562)
2014-08-26 12:12:16 [INFO] [MinecraftTest] Disabling MinecraftTest v0.0.1
2014-08-26 12:12:16 [INFO] [MinecraftTest] Goodbye World!
2014-08-26 12:12:16 [INFO] [MinecraftTest] Loading MinecraftTest v0.0.1
2014-08-26 12:12:16 [INFO] [MinecraftTest] Enabling MinecraftTest v0.0.1
2014-08-26 12:12:16 [INFO] [MinecraftTest] Starting to enable Test Plugin
2014-08-26 12:12:16 [INFO] Server permissions file permissions.yml is empty, ignoring it
2014-08-26 12:12:16 [INFO] CONSOLE: [0;32;1mReload complete.[m
2014-08-26 12:13:02 [INFO] Unknown command. Type "help" for help.[m
2014-08-26 12:13:29 [WARNING] THE_F3l1x was kicked for floating too long!
2014-08-26 12:13:29 [INFO] §eTHE_F3l1x left the game.
2014-08-26 12:13:38 [INFO] Unknown command. Type "help" for help.[m
2014-08-26 12:13:41 [INFO] [0;33;1m--------- [0;37;1mHelp: Search [0;33;1m--------------------------[m
2014-08-26 12:13:41 [INFO] [0;37;22mSearch for: set[m
2014-08-26 12:13:41 [INFO] [0;33;22m/save-all: [0;37;1mSaves the server to disk[m
2014-08-26 12:13:41 [INFO] [0;33;22m/save-off: [0;37;1mDisables server autosaving[m
2014-08-26 12:13:41 [INFO] [0;33;22m/save-on: [0;37;1mEnables server autosaving[m
2014-08-26 12:13:41 [INFO] [0;33;22m/say: [0;37;1mBroadcasts the given message as the console[m
2014-08-26 12:13:41 [INFO] [0;33;22m/scoreboard: [0;37;1mScoreboard control[m
2014-08-26 12:13:41 [INFO] [0;33;22m/seed: [0;37;1mShows the world seed[m
2014-08-26 12:13:41 [INFO] [0;33;22m/spawnpoint: [0;37;1mSets a player's spawn point[m
2014-08-26 12:13:41 [INFO] [0;33;22m/spreadplayers: [0;37;1mSpreads players around a point[m
2014-08-26 12:13:41 [INFO] [0;33;22m/stop: [0;37;1mStops the server with optional reason[m
2014-08-26 12:14:34 [INFO] [MinecraftTest] Disabling MinecraftTest v0.0.1
2014-08-26 12:14:34 [INFO] [MinecraftTest] Goodbye World!
2014-08-26 12:14:34 [INFO] [MinecraftTest] Loading MinecraftTest v0.0.1
2014-08-26 12:14:34 [INFO] [MinecraftTest] Enabling MinecraftTest v0.0.1
2014-08-26 12:14:34 [INFO] [MinecraftTest] Starting to enable Test Plugin
2014-08-26 12:14:34 [INFO] Server permissions file permissions.yml is empty, ignoring it
2014-08-26 12:14:34 [INFO] CONSOLE: [0;32;1mReload complete.[m
2014-08-26 12:14:40 [INFO] THE_F3l1x[/127.0.0.1:23711] logged in with entity id 1745 at ([world] -51.633329409123526, 81.73228200703, 256.987282555452)
2014-08-26 12:14:41 [INFO] THE_F3l1x fell from a high place
2014-08-26 12:17:25 [INFO] [MinecraftTest] Disabling MinecraftTest v0.0.1
2014-08-26 12:17:25 [INFO] [MinecraftTest] Goodbye World!
2014-08-26 12:17:25 [INFO] [MinecraftTest] Loading MinecraftTest v0.0.1
2014-08-26 12:17:25 [INFO] [MinecraftTest] Enabling MinecraftTest v0.0.1
2014-08-26 12:17:25 [INFO] [MinecraftTest] Starting to enable Test Plugin
2014-08-26 12:17:25 [INFO] Server permissions file permissions.yml is empty, ignoring it
2014-08-26 12:17:25 [INFO] CONSOLE: [0;32;1mReload complete.[m
2014-08-26 12:17:46 [INFO] THE_F3l1x issued server command: /give the_f3l1x 139 1
2014-08-26 12:17:46 [INFO] THE_F3l1x: Gave THE_F3l1x some 139 (COBBLE_WALL)[m
2014-08-26 12:17:55 [INFO] THE_F3l1x issued server command: /give the_f3l1x 134 1
2014-08-26 12:17:55 [INFO] THE_F3l1x: Gave THE_F3l1x some 134 (SPRUCE_WOOD_STAIRS)[m
2014-08-26 12:18:32 [INFO] THE_F3l1x issued server command: /give the_f3l1x 137 1
2014-08-26 12:18:32 [INFO] THE_F3l1x: Gave THE_F3l1x some 137 (COMMAND)[m
2014-08-26 12:18:47 [INFO] <THE_F3l1x> give the_f3l1x button 1[m
2014-08-26 12:18:51 [INFO] THE_F3l1x issued server command: /give the_f3l1x button 1
2014-08-26 12:18:58 [INFO] THE_F3l1x issued server command: /give the_f3l1x stone_button 1
2014-08-26 12:18:58 [INFO] THE_F3l1x: Gave THE_F3l1x some 77 (STONE_BUTTON)[m
2014-08-26 12:19:01 [SEVERE] Could not pass event PlayerInteractEvent to MinecraftTest v0.0.1
org.bukkit.event.EventException
	at org.bukkit.plugin.java.JavaPluginLoader$1.execute(JavaPluginLoader.java:427)
	at org.bukkit.plugin.RegisteredListener.callEvent(RegisteredListener.java:62)
	at org.bukkit.plugin.SimplePluginManager.fireEvent(SimplePluginManager.java:477)
	at org.bukkit.plugin.SimplePluginManager.callEvent(SimplePluginManager.java:462)
	at org.bukkit.craftbukkit.v1_6_R3.event.CraftEventFactory.callPlayerInteractEvent(CraftEventFactory.java:190)
	at net.minecraft.server.v1_6_R3.PlayerInteractManager.interact(PlayerInteractManager.java:373)
	at net.minecraft.server.v1_6_R3.PlayerConnection.a(PlayerConnection.java:630)
	at net.minecraft.server.v1_6_R3.Packet15Place.handle(SourceFile:58)
	at net.minecraft.server.v1_6_R3.NetworkManager.b(NetworkManager.java:296)
	at net.minecraft.server.v1_6_R3.PlayerConnection.e(PlayerConnection.java:116)
	at net.minecraft.server.v1_6_R3.ServerConnection.b(SourceFile:37)
	at net.minecraft.server.v1_6_R3.DedicatedServerConnection.b(SourceFile:30)
	at net.minecraft.server.v1_6_R3.MinecraftServer.t(MinecraftServer.java:592)
	at net.minecraft.server.v1_6_R3.DedicatedServer.t(DedicatedServer.java:227)
	at net.minecraft.server.v1_6_R3.MinecraftServer.s(MinecraftServer.java:488)
	at net.minecraft.server.v1_6_R3.MinecraftServer.run(MinecraftServer.java:421)
	at net.minecraft.server.v1_6_R3.ThreadServerApplication.run(SourceFile:583)
Caused by: java.lang.NullPointerException
	at com.federicofeliziani.minecraftTest.MinecraftTest.onPlayerInteract(MinecraftTest.java:37)
	at sun.reflect.NativeMethodAccessorImpl.invoke0(Native Method)
	at sun.reflect.NativeMethodAccessorImpl.invoke(Unknown Source)
	at sun.reflect.DelegatingMethodAccessorImpl.invoke(Unknown Source)
	at java.lang.reflect.Method.invoke(Unknown Source)
	at org.bukkit.plugin.java.JavaPluginLoader$1.execute(JavaPluginLoader.java:425)
	... 16 more
2014-08-26 12:19:13 [SEVERE] Could not pass event PlayerInteractEvent to MinecraftTest v0.0.1
org.bukkit.event.EventException
	at org.bukkit.plugin.java.JavaPluginLoader$1.execute(JavaPluginLoader.java:427)
	at org.bukkit.plugin.RegisteredListener.callEvent(RegisteredListener.java:62)
	at org.bukkit.plugin.SimplePluginManager.fireEvent(SimplePluginManager.java:477)
	at org.bukkit.plugin.SimplePluginManager.callEvent(SimplePluginManager.java:462)
	at org.bukkit.craftbukkit.v1_6_R3.event.CraftEventFactory.callPlayerInteractEvent(CraftEventFactory.java:190)
	at net.minecraft.server.v1_6_R3.PlayerInteractManager.dig(PlayerInteractManager.java:108)
	at net.minecraft.server.v1_6_R3.PlayerConnection.a(PlayerConnection.java:539)
	at net.minecraft.server.v1_6_R3.Packet14BlockDig.handle(SourceFile:46)
	at net.minecraft.server.v1_6_R3.NetworkManager.b(NetworkManager.java:296)
	at net.minecraft.server.v1_6_R3.PlayerConnection.e(PlayerConnection.java:116)
	at net.minecraft.server.v1_6_R3.ServerConnection.b(SourceFile:37)
	at net.minecraft.server.v1_6_R3.DedicatedServerConnection.b(SourceFile:30)
	at net.minecraft.server.v1_6_R3.MinecraftServer.t(MinecraftServer.java:592)
	at net.minecraft.server.v1_6_R3.DedicatedServer.t(DedicatedServer.java:227)
	at net.minecraft.server.v1_6_R3.MinecraftServer.s(MinecraftServer.java:488)
	at net.minecraft.server.v1_6_R3.MinecraftServer.run(MinecraftServer.java:421)
	at net.minecraft.server.v1_6_R3.ThreadServerApplication.run(SourceFile:583)
Caused by: java.lang.NullPointerException
	at com.federicofeliziani.minecraftTest.MinecraftTest.onPlayerInteract(MinecraftTest.java:37)
	at sun.reflect.NativeMethodAccessorImpl.invoke0(Native Method)
	at sun.reflect.NativeMethodAccessorImpl.invoke(Unknown Source)
	at sun.reflect.DelegatingMethodAccessorImpl.invoke(Unknown Source)
	at java.lang.reflect.Method.invoke(Unknown Source)
	at org.bukkit.plugin.java.JavaPluginLoader$1.execute(JavaPluginLoader.java:425)
	... 16 more
2014-08-26 12:19:14 [SEVERE] Could not pass event PlayerInteractEvent to MinecraftTest v0.0.1
org.bukkit.event.EventException
	at org.bukkit.plugin.java.JavaPluginLoader$1.execute(JavaPluginLoader.java:427)
	at org.bukkit.plugin.RegisteredListener.callEvent(RegisteredListener.java:62)
	at org.bukkit.plugin.SimplePluginManager.fireEvent(SimplePluginManager.java:477)
	at org.bukkit.plugin.SimplePluginManager.callEvent(SimplePluginManager.java:462)
	at org.bukkit.craftbukkit.v1_6_R3.event.CraftEventFactory.callPlayerInteractEvent(CraftEventFactory.java:190)
	at net.minecraft.server.v1_6_R3.PlayerInteractManager.interact(PlayerInteractManager.java:373)
	at net.minecraft.server.v1_6_R3.PlayerConnection.a(PlayerConnection.java:630)
	at net.minecraft.server.v1_6_R3.Packet15Place.handle(SourceFile:58)
	at net.minecraft.server.v1_6_R3.NetworkManager.b(NetworkManager.java:296)
	at net.minecraft.server.v1_6_R3.PlayerConnection.e(PlayerConnection.java:116)
	at net.minecraft.server.v1_6_R3.ServerConnection.b(SourceFile:37)
	at net.minecraft.server.v1_6_R3.DedicatedServerConnection.b(SourceFile:30)
	at net.minecraft.server.v1_6_R3.MinecraftServer.t(MinecraftServer.java:592)
	at net.minecraft.server.v1_6_R3.DedicatedServer.t(DedicatedServer.java:227)
	at net.minecraft.server.v1_6_R3.MinecraftServer.s(MinecraftServer.java:488)
	at net.minecraft.server.v1_6_R3.MinecraftServer.run(MinecraftServer.java:421)
	at net.minecraft.server.v1_6_R3.ThreadServerApplication.run(SourceFile:583)
Caused by: java.lang.NullPointerException
	at com.federicofeliziani.minecraftTest.MinecraftTest.onPlayerInteract(MinecraftTest.java:37)
	at sun.reflect.NativeMethodAccessorImpl.invoke0(Native Method)
	at sun.reflect.NativeMethodAccessorImpl.invoke(Unknown Source)
	at sun.reflect.DelegatingMethodAccessorImpl.invoke(Unknown Source)
	at java.lang.reflect.Method.invoke(Unknown Source)
	at org.bukkit.plugin.java.JavaPluginLoader$1.execute(JavaPluginLoader.java:425)
	... 16 more
2014-08-26 12:19:38 [INFO] Unknown command. Type "help" for help.[m
2014-08-26 12:22:01 [INFO] THE_F3l1x issued server command: /time set 1
2014-08-26 12:22:01 [INFO] THE_F3l1x: Set time to 1[m
2014-08-26 12:22:08 [INFO] THE_F3l1x issued server command: /give the_f3l1x stone_button 1
2014-08-26 12:22:08 [INFO] THE_F3l1x: Gave THE_F3l1x some 77 (STONE_BUTTON)[m
2014-08-26 12:22:12 [INFO] THE_F3l1x issued server command: /gamemode 0
2014-08-26 12:22:15 [INFO] THE_F3l1x issued server command: /gamemode 1
2014-08-26 12:22:15 [INFO] THE_F3l1x: Set own game mode to CREATIVE mode[m
2014-08-26 12:22:35 [INFO] [MinecraftTest] Disabling MinecraftTest v0.0.1
2014-08-26 12:22:35 [INFO] [MinecraftTest] Goodbye World!
2014-08-26 12:22:35 [INFO] [MinecraftTest] Loading MinecraftTest v0.0.1
2014-08-26 12:22:35 [INFO] [MinecraftTest] Enabling MinecraftTest v0.0.1
2014-08-26 12:22:35 [INFO] [MinecraftTest] Starting to enable Test Plugin
2014-08-26 12:22:35 [INFO] Server permissions file permissions.yml is empty, ignoring it
2014-08-26 12:22:35 [INFO] CONSOLE: [0;32;1mReload complete.[m
2014-08-26 12:22:49 [INFO] @: Gave THE_F3l1x some 257 (IRON_PICKAXE)[m
2014-08-26 12:23:09 [INFO] @: Gave THE_F3l1x some 257 (IRON_PICKAXE)[m
2014-08-26 12:24:02 [INFO] [MinecraftTest] Disabling MinecraftTest v0.0.1
2014-08-26 12:24:02 [INFO] [MinecraftTest] Goodbye World!
2014-08-26 12:24:02 [INFO] [MinecraftTest] Loading MinecraftTest v0.0.1
2014-08-26 12:24:02 [INFO] [MinecraftTest] Enabling MinecraftTest v0.0.1
2014-08-26 12:24:02 [INFO] [MinecraftTest] Starting to enable Test Plugin
2014-08-26 12:24:02 [INFO] Server permissions file permissions.yml is empty, ignoring it
2014-08-26 12:24:02 [INFO] CONSOLE: [0;32;1mReload complete.[m
2014-08-26 12:24:06 [INFO] @: Gave THE_F3l1x some 257 (IRON_PICKAXE)[m
2014-08-26 12:25:18 [SEVERE] Could not pass event PlayerInteractEvent to MinecraftTest v0.0.1
org.bukkit.event.EventException
	at org.bukkit.plugin.java.JavaPluginLoader$1.execute(JavaPluginLoader.java:427)
	at org.bukkit.plugin.RegisteredListener.callEvent(RegisteredListener.java:62)
	at org.bukkit.plugin.SimplePluginManager.fireEvent(SimplePluginManager.java:477)
	at org.bukkit.plugin.SimplePluginManager.callEvent(SimplePluginManager.java:462)
	at org.bukkit.craftbukkit.v1_6_R3.event.CraftEventFactory.callPlayerInteractEvent(CraftEventFactory.java:190)
	at net.minecraft.server.v1_6_R3.PlayerInteractManager.interact(PlayerInteractManager.java:373)
	at net.minecraft.server.v1_6_R3.PlayerConnection.a(PlayerConnection.java:630)
	at net.minecraft.server.v1_6_R3.Packet15Place.handle(SourceFile:58)
	at net.minecraft.server.v1_6_R3.NetworkManager.b(NetworkManager.java:296)
	at net.minecraft.server.v1_6_R3.PlayerConnection.e(PlayerConnection.java:116)
	at net.minecraft.server.v1_6_R3.ServerConnection.b(SourceFile:37)
	at net.minecraft.server.v1_6_R3.DedicatedServerConnection.b(SourceFile:30)
	at net.minecraft.server.v1_6_R3.MinecraftServer.t(MinecraftServer.java:592)
	at net.minecraft.server.v1_6_R3.DedicatedServer.t(DedicatedServer.java:227)
	at net.minecraft.server.v1_6_R3.MinecraftServer.s(MinecraftServer.java:488)
	at net.minecraft.server.v1_6_R3.MinecraftServer.run(MinecraftServer.java:421)
	at net.minecraft.server.v1_6_R3.ThreadServerApplication.run(SourceFile:583)
Caused by: java.lang.NullPointerException
	at com.federicofeliziani.minecraftTest.MinecraftTest.onPlayerInteract(MinecraftTest.java:37)
	at sun.reflect.GeneratedMethodAccessor3.invoke(Unknown Source)
	at sun.reflect.DelegatingMethodAccessorImpl.invoke(Unknown Source)
	at java.lang.reflect.Method.invoke(Unknown Source)
	at org.bukkit.plugin.java.JavaPluginLoader$1.execute(JavaPluginLoader.java:425)
	... 16 more
2014-08-26 12:25:21 [SEVERE] Could not pass event PlayerInteractEvent to MinecraftTest v0.0.1
org.bukkit.event.EventException
	at org.bukkit.plugin.java.JavaPluginLoader$1.execute(JavaPluginLoader.java:427)
	at org.bukkit.plugin.RegisteredListener.callEvent(RegisteredListener.java:62)
	at org.bukkit.plugin.SimplePluginManager.fireEvent(SimplePluginManager.java:477)
	at org.bukkit.plugin.SimplePluginManager.callEvent(SimplePluginManager.java:462)
	at org.bukkit.craftbukkit.v1_6_R3.event.CraftEventFactory.callPlayerInteractEvent(CraftEventFactory.java:190)
	at net.minecraft.server.v1_6_R3.PlayerInteractManager.interact(PlayerInteractManager.java:373)
	at net.minecraft.server.v1_6_R3.PlayerConnection.a(PlayerConnection.java:630)
	at net.minecraft.server.v1_6_R3.Packet15Place.handle(SourceFile:58)
	at net.minecraft.server.v1_6_R3.NetworkManager.b(NetworkManager.java:296)
	at net.minecraft.server.v1_6_R3.PlayerConnection.e(PlayerConnection.java:116)
	at net.minecraft.server.v1_6_R3.ServerConnection.b(SourceFile:37)
	at net.minecraft.server.v1_6_R3.DedicatedServerConnection.b(SourceFile:30)
	at net.minecraft.server.v1_6_R3.MinecraftServer.t(MinecraftServer.java:592)
	at net.minecraft.server.v1_6_R3.DedicatedServer.t(DedicatedServer.java:227)
	at net.minecraft.server.v1_6_R3.MinecraftServer.s(MinecraftServer.java:488)
	at net.minecraft.server.v1_6_R3.MinecraftServer.run(MinecraftServer.java:421)
	at net.minecraft.server.v1_6_R3.ThreadServerApplication.run(SourceFile:583)
Caused by: java.lang.NullPointerException
	at com.federicofeliziani.minecraftTest.MinecraftTest.onPlayerInteract(MinecraftTest.java:37)
	at sun.reflect.GeneratedMethodAccessor3.invoke(Unknown Source)
	at sun.reflect.DelegatingMethodAccessorImpl.invoke(Unknown Source)
	at java.lang.reflect.Method.invoke(Unknown Source)
	at org.bukkit.plugin.java.JavaPluginLoader$1.execute(JavaPluginLoader.java:425)
	... 16 more
2014-08-26 12:25:24 [SEVERE] Could not pass event PlayerInteractEvent to MinecraftTest v0.0.1
org.bukkit.event.EventException
	at org.bukkit.plugin.java.JavaPluginLoader$1.execute(JavaPluginLoader.java:427)
	at org.bukkit.plugin.RegisteredListener.callEvent(RegisteredListener.java:62)
	at org.bukkit.plugin.SimplePluginManager.fireEvent(SimplePluginManager.java:477)
	at org.bukkit.plugin.SimplePluginManager.callEvent(SimplePluginManager.java:462)
	at org.bukkit.craftbukkit.v1_6_R3.event.CraftEventFactory.callPlayerInteractEvent(CraftEventFactory.java:190)
	at net.minecraft.server.v1_6_R3.PlayerInteractManager.interact(PlayerInteractManager.java:373)
	at net.minecraft.server.v1_6_R3.PlayerConnection.a(PlayerConnection.java:630)
	at net.minecraft.server.v1_6_R3.Packet15Place.handle(SourceFile:58)
	at net.minecraft.server.v1_6_R3.NetworkManager.b(NetworkManager.java:296)
	at net.minecraft.server.v1_6_R3.PlayerConnection.e(PlayerConnection.java:116)
	at net.minecraft.server.v1_6_R3.ServerConnection.b(SourceFile:37)
	at net.minecraft.server.v1_6_R3.DedicatedServerConnection.b(SourceFile:30)
	at net.minecraft.server.v1_6_R3.MinecraftServer.t(MinecraftServer.java:592)
	at net.minecraft.server.v1_6_R3.DedicatedServer.t(DedicatedServer.java:227)
	at net.minecraft.server.v1_6_R3.MinecraftServer.s(MinecraftServer.java:488)
	at net.minecraft.server.v1_6_R3.MinecraftServer.run(MinecraftServer.java:421)
	at net.minecraft.server.v1_6_R3.ThreadServerApplication.run(SourceFile:583)
Caused by: java.lang.NullPointerException
	at com.federicofeliziani.minecraftTest.MinecraftTest.onPlayerInteract(MinecraftTest.java:37)
	at sun.reflect.GeneratedMethodAccessor3.invoke(Unknown Source)
	at sun.reflect.DelegatingMethodAccessorImpl.invoke(Unknown Source)
	at java.lang.reflect.Method.invoke(Unknown Source)
	at org.bukkit.plugin.java.JavaPluginLoader$1.execute(JavaPluginLoader.java:425)
	... 16 more
2014-08-26 12:25:27 [SEVERE] Could not pass event PlayerInteractEvent to MinecraftTest v0.0.1
org.bukkit.event.EventException
	at org.bukkit.plugin.java.JavaPluginLoader$1.execute(JavaPluginLoader.java:427)
	at org.bukkit.plugin.RegisteredListener.callEvent(RegisteredListener.java:62)
	at org.bukkit.plugin.SimplePluginManager.fireEvent(SimplePluginManager.java:477)
	at org.bukkit.plugin.SimplePluginManager.callEvent(SimplePluginManager.java:462)
	at org.bukkit.craftbukkit.v1_6_R3.event.CraftEventFactory.callPlayerInteractEvent(CraftEventFactory.java:190)
	at net.minecraft.server.v1_6_R3.PlayerInteractManager.interact(PlayerInteractManager.java:373)
	at net.minecraft.server.v1_6_R3.PlayerConnection.a(PlayerConnection.java:630)
	at net.minecraft.server.v1_6_R3.Packet15Place.handle(SourceFile:58)
	at net.minecraft.server.v1_6_R3.NetworkManager.b(NetworkManager.java:296)
	at net.minecraft.server.v1_6_R3.PlayerConnection.e(PlayerConnection.java:116)
	at net.minecraft.server.v1_6_R3.ServerConnection.b(SourceFile:37)
	at net.minecraft.server.v1_6_R3.DedicatedServerConnection.b(SourceFile:30)
	at net.minecraft.server.v1_6_R3.MinecraftServer.t(MinecraftServer.java:592)
	at net.minecraft.server.v1_6_R3.DedicatedServer.t(DedicatedServer.java:227)
	at net.minecraft.server.v1_6_R3.MinecraftServer.s(MinecraftServer.java:488)
	at net.minecraft.server.v1_6_R3.MinecraftServer.run(MinecraftServer.java:421)
	at net.minecraft.server.v1_6_R3.ThreadServerApplication.run(SourceFile:583)
Caused by: java.lang.NullPointerException
	at com.federicofeliziani.minecraftTest.MinecraftTest.onPlayerInteract(MinecraftTest.java:37)
	at sun.reflect.GeneratedMethodAccessor3.invoke(Unknown Source)
	at sun.reflect.DelegatingMethodAccessorImpl.invoke(Unknown Source)
	at java.lang.reflect.Method.invoke(Unknown Source)
	at org.bukkit.plugin.java.JavaPluginLoader$1.execute(JavaPluginLoader.java:425)
	... 16 more
2014-08-26 12:26:29 [INFO] [MinecraftTest] Disabling MinecraftTest v0.0.1
2014-08-26 12:26:29 [INFO] [MinecraftTest] Goodbye World!
2014-08-26 12:26:29 [INFO] [MinecraftTest] Loading MinecraftTest v0.0.1
2014-08-26 12:26:29 [INFO] [MinecraftTest] Enabling MinecraftTest v0.0.1
2014-08-26 12:26:29 [INFO] [MinecraftTest] Starting to enable Test Plugin
2014-08-26 12:26:29 [INFO] Server permissions file permissions.yml is empty, ignoring it
2014-08-26 12:26:29 [INFO] CONSOLE: [0;32;1mReload complete.[m
2014-08-26 12:26:32 [INFO] [MinecraftTest] Disabling MinecraftTest v0.0.1
2014-08-26 12:26:32 [INFO] [MinecraftTest] Goodbye World!
2014-08-26 12:26:32 [INFO] [MinecraftTest] Loading MinecraftTest v0.0.1
2014-08-26 12:26:32 [INFO] [MinecraftTest] Enabling MinecraftTest v0.0.1
2014-08-26 12:26:32 [INFO] [MinecraftTest] Starting to enable Test Plugin
2014-08-26 12:26:32 [INFO] Server permissions file permissions.yml is empty, ignoring it
2014-08-26 12:26:32 [INFO] CONSOLE: [0;32;1mReload complete.[m
2014-08-26 12:26:36 [SEVERE] Could not pass event PlayerInteractEvent to MinecraftTest v0.0.1
org.bukkit.event.EventException
	at org.bukkit.plugin.java.JavaPluginLoader$1.execute(JavaPluginLoader.java:427)
	at org.bukkit.plugin.RegisteredListener.callEvent(RegisteredListener.java:62)
	at org.bukkit.plugin.SimplePluginManager.fireEvent(SimplePluginManager.java:477)
	at org.bukkit.plugin.SimplePluginManager.callEvent(SimplePluginManager.java:462)
	at org.bukkit.craftbukkit.v1_6_R3.event.CraftEventFactory.callPlayerInteractEvent(CraftEventFactory.java:190)
	at net.minecraft.server.v1_6_R3.PlayerInteractManager.interact(PlayerInteractManager.java:373)
	at net.minecraft.server.v1_6_R3.PlayerConnection.a(PlayerConnection.java:630)
	at net.minecraft.server.v1_6_R3.Packet15Place.handle(SourceFile:58)
	at net.minecraft.server.v1_6_R3.NetworkManager.b(NetworkManager.java:296)
	at net.minecraft.server.v1_6_R3.PlayerConnection.e(PlayerConnection.java:116)
	at net.minecraft.server.v1_6_R3.ServerConnection.b(SourceFile:37)
	at net.minecraft.server.v1_6_R3.DedicatedServerConnection.b(SourceFile:30)
	at net.minecraft.server.v1_6_R3.MinecraftServer.t(MinecraftServer.java:592)
	at net.minecraft.server.v1_6_R3.DedicatedServer.t(DedicatedServer.java:227)
	at net.minecraft.server.v1_6_R3.MinecraftServer.s(MinecraftServer.java:488)
	at net.minecraft.server.v1_6_R3.MinecraftServer.run(MinecraftServer.java:421)
	at net.minecraft.server.v1_6_R3.ThreadServerApplication.run(SourceFile:583)
Caused by: java.lang.NullPointerException
	at com.federicofeliziani.minecraftTest.MinecraftTest.onPlayerInteract(MinecraftTest.java:37)
	at sun.reflect.NativeMethodAccessorImpl.invoke0(Native Method)
	at sun.reflect.NativeMethodAccessorImpl.invoke(Unknown Source)
	at sun.reflect.DelegatingMethodAccessorImpl.invoke(Unknown Source)
	at java.lang.reflect.Method.invoke(Unknown Source)
	at org.bukkit.plugin.java.JavaPluginLoader$1.execute(JavaPluginLoader.java:425)
	... 16 more
2014-08-26 12:32:20 [SEVERE] Could not pass event PlayerInteractEvent to MinecraftTest v0.0.1
org.bukkit.event.EventException
	at org.bukkit.plugin.java.JavaPluginLoader$1.execute(JavaPluginLoader.java:427)
	at org.bukkit.plugin.RegisteredListener.callEvent(RegisteredListener.java:62)
	at org.bukkit.plugin.SimplePluginManager.fireEvent(SimplePluginManager.java:477)
	at org.bukkit.plugin.SimplePluginManager.callEvent(SimplePluginManager.java:462)
	at org.bukkit.craftbukkit.v1_6_R3.event.CraftEventFactory.callPlayerInteractEvent(CraftEventFactory.java:190)
	at net.minecraft.server.v1_6_R3.PlayerInteractManager.interact(PlayerInteractManager.java:373)
	at net.minecraft.server.v1_6_R3.PlayerConnection.a(PlayerConnection.java:630)
	at net.minecraft.server.v1_6_R3.Packet15Place.handle(SourceFile:58)
	at net.minecraft.server.v1_6_R3.NetworkManager.b(NetworkManager.java:296)
	at net.minecraft.server.v1_6_R3.PlayerConnection.e(PlayerConnection.java:116)
	at net.minecraft.server.v1_6_R3.ServerConnection.b(SourceFile:37)
	at net.minecraft.server.v1_6_R3.DedicatedServerConnection.b(SourceFile:30)
	at net.minecraft.server.v1_6_R3.MinecraftServer.t(MinecraftServer.java:592)
	at net.minecraft.server.v1_6_R3.DedicatedServer.t(DedicatedServer.java:227)
	at net.minecraft.server.v1_6_R3.MinecraftServer.s(MinecraftServer.java:488)
	at net.minecraft.server.v1_6_R3.MinecraftServer.run(MinecraftServer.java:421)
	at net.minecraft.server.v1_6_R3.ThreadServerApplication.run(SourceFile:583)
Caused by: java.lang.NullPointerException
	at com.federicofeliziani.minecraftTest.MinecraftTest.onPlayerInteract(MinecraftTest.java:37)
	at sun.reflect.NativeMethodAccessorImpl.invoke0(Native Method)
	at sun.reflect.NativeMethodAccessorImpl.invoke(Unknown Source)
	at sun.reflect.DelegatingMethodAccessorImpl.invoke(Unknown Source)
	at java.lang.reflect.Method.invoke(Unknown Source)
	at org.bukkit.plugin.java.JavaPluginLoader$1.execute(JavaPluginLoader.java:425)
	... 16 more
2014-08-26 12:32:36 [INFO] <THE_F3l1x> weather set clear[m
2014-08-26 12:32:40 [INFO] THE_F3l1x issued server command: /weather set clear
2014-08-26 12:32:50 [INFO] THE_F3l1x issued server command: /time set day
2014-08-26 12:32:50 [INFO] THE_F3l1x: Set time to 0[m
2014-08-26 12:32:59 [SEVERE] Could not pass event PlayerInteractEvent to MinecraftTest v0.0.1
org.bukkit.event.EventException
	at org.bukkit.plugin.java.JavaPluginLoader$1.execute(JavaPluginLoader.java:427)
	at org.bukkit.plugin.RegisteredListener.callEvent(RegisteredListener.java:62)
	at org.bukkit.plugin.SimplePluginManager.fireEvent(SimplePluginManager.java:477)
	at org.bukkit.plugin.SimplePluginManager.callEvent(SimplePluginManager.java:462)
	at org.bukkit.craftbukkit.v1_6_R3.event.CraftEventFactory.callPlayerInteractEvent(CraftEventFactory.java:190)
	at net.minecraft.server.v1_6_R3.PlayerInteractManager.interact(PlayerInteractManager.java:373)
	at net.minecraft.server.v1_6_R3.PlayerConnection.a(PlayerConnection.java:630)
	at net.minecraft.server.v1_6_R3.Packet15Place.handle(SourceFile:58)
	at net.minecraft.server.v1_6_R3.NetworkManager.b(NetworkManager.java:296)
	at net.minecraft.server.v1_6_R3.PlayerConnection.e(PlayerConnection.java:116)
	at net.minecraft.server.v1_6_R3.ServerConnection.b(SourceFile:37)
	at net.minecraft.server.v1_6_R3.DedicatedServerConnection.b(SourceFile:30)
	at net.minecraft.server.v1_6_R3.MinecraftServer.t(MinecraftServer.java:592)
	at net.minecraft.server.v1_6_R3.DedicatedServer.t(DedicatedServer.java:227)
	at net.minecraft.server.v1_6_R3.MinecraftServer.s(MinecraftServer.java:488)
	at net.minecraft.server.v1_6_R3.MinecraftServer.run(MinecraftServer.java:421)
	at net.minecraft.server.v1_6_R3.ThreadServerApplication.run(SourceFile:583)
Caused by: java.lang.NullPointerException
	at com.federicofeliziani.minecraftTest.MinecraftTest.onPlayerInteract(MinecraftTest.java:37)
	at sun.reflect.NativeMethodAccessorImpl.invoke0(Native Method)
	at sun.reflect.NativeMethodAccessorImpl.invoke(Unknown Source)
	at sun.reflect.DelegatingMethodAccessorImpl.invoke(Unknown Source)
	at java.lang.reflect.Method.invoke(Unknown Source)
	at org.bukkit.plugin.java.JavaPluginLoader$1.execute(JavaPluginLoader.java:425)
	... 16 more
2014-08-26 12:34:37 [INFO] THE_F3l1x issued server command: /give the_f3l1x command_block 1
2014-08-26 12:34:41 [INFO] THE_F3l1x issued server command: /give the_f3l1x commandblock 1
2014-08-26 12:34:52 [INFO] @: Gave THE_F3l1x some 137 (COMMAND)[m
2014-08-26 12:35:28 [INFO] @: Gave THE_F3l1x some 137 (COMMAND)[m
2014-08-26 12:36:18 [INFO] @: Gave THE_F3l1x some 137 (COMMAND)[m
2014-08-26 12:36:32 [INFO] @: Gave THE_F3l1x some 137 (COMMAND)[m
2014-08-26 12:36:32 [INFO] @: Gave THE_F3l1x some 77 (STONE_BUTTON)[m
2014-08-26 12:39:26 [INFO] THE_F3l1x issued server command: /gamerule doDaylightCycle false
2014-08-26 12:39:26 [INFO] THE_F3l1x: Game rule doDaylightCycle has been set to: false[m
2014-08-26 12:39:32 [INFO] THE_F3l1x issued server command: /time set 6000
2014-08-26 12:39:32 [INFO] THE_F3l1x: Set time to 6000[m
2014-08-26 12:40:00 [INFO] THE_F3l1x issued server command: /weather
2014-08-26 12:40:07 [INFO] THE_F3l1x issued server command: /weather clear 100000000000000000
2014-08-26 12:40:07 [INFO] THE_F3l1x: Changed weather to clear for 1 seconds.[m
2014-08-26 12:40:12 [INFO] THE_F3l1x issued server command: /weather clear 10000
2014-08-26 12:40:12 [INFO] THE_F3l1x: Changed weather to clear for 10000 seconds.[m
2014-08-26 12:51:30 [INFO] [MinecraftTest] Disabling MinecraftTest v0.0.1
2014-08-26 12:51:30 [INFO] [MinecraftTest] Goodbye World!
2014-08-26 12:51:30 [INFO] [MinecraftTest] Loading MinecraftTest v0.0.1
2014-08-26 12:51:30 [INFO] [MinecraftTest] Enabling MinecraftTest v0.0.1
2014-08-26 12:51:30 [INFO] [MinecraftTest] Starting to enable Test Plugin
2014-08-26 12:51:30 [INFO] Server permissions file permissions.yml is empty, ignoring it
2014-08-26 12:51:30 [INFO] CONSOLE: [0;32;1mReload complete.[m
2014-08-26 12:52:40 [INFO] [MinecraftTest] Disabling MinecraftTest v0.0.1
2014-08-26 12:52:40 [INFO] [MinecraftTest] Goodbye World!
2014-08-26 12:52:40 [INFO] [MinecraftTest] Loading MinecraftTest v0.0.1
2014-08-26 12:52:40 [INFO] [MinecraftTest] Enabling MinecraftTest v0.0.1
2014-08-26 12:52:40 [INFO] [MinecraftTest] Starting to enable Test Plugin
2014-08-26 12:52:40 [INFO] Server permissions file permissions.yml is empty, ignoring it
2014-08-26 12:52:40 [INFO] CONSOLE: [0;32;1mReload complete.[m
2014-08-26 12:52:42 [INFO] [MinecraftTest] Disabling MinecraftTest v0.0.1
2014-08-26 12:52:42 [INFO] [MinecraftTest] Goodbye World!
2014-08-26 12:52:42 [INFO] [MinecraftTest] Loading MinecraftTest v0.0.1
2014-08-26 12:52:42 [INFO] [MinecraftTest] Enabling MinecraftTest v0.0.1
2014-08-26 12:52:42 [INFO] [MinecraftTest] Starting to enable Test Plugin
2014-08-26 12:52:42 [INFO] Server permissions file permissions.yml is empty, ignoring it
2014-08-26 12:52:42 [INFO] CONSOLE: [0;32;1mReload complete.[m
2014-08-26 12:52:59 [INFO] THE_F3l1x issued server command: /gamemode 0
2014-08-26 12:53:02 [INFO] THE_F3l1x issued server command: /gamemode 1
2014-08-26 12:53:02 [INFO] THE_F3l1x: Set own game mode to CREATIVE mode[m
2014-08-26 12:55:32 [INFO] [MinecraftTest] Disabling MinecraftTest v0.0.1
2014-08-26 12:55:32 [INFO] [MinecraftTest] Goodbye World!
2014-08-26 12:55:32 [INFO] [MinecraftTest] Loading MinecraftTest v0.0.1
2014-08-26 12:55:32 [INFO] [MinecraftTest] Enabling MinecraftTest v0.0.1
2014-08-26 12:55:32 [INFO] [MinecraftTest] Starting to enable Test Plugin
2014-08-26 12:55:32 [INFO] Server permissions file permissions.yml is empty, ignoring it
2014-08-26 12:55:32 [INFO] CONSOLE: [0;32;1mReload complete.[m
2014-08-26 12:55:57 [INFO] THE_F3l1x issued server command: /give the_f3l1x brick 1
2014-08-26 12:55:57 [INFO] THE_F3l1x: Gave THE_F3l1x some 45 (BRICK)[m
2014-08-26 12:56:18 [INFO] [MinecraftTest] Disabling MinecraftTest v0.0.1
2014-08-26 12:56:18 [INFO] [MinecraftTest] Goodbye World!
2014-08-26 12:56:18 [INFO] [MinecraftTest] Loading MinecraftTest v0.0.1
2014-08-26 12:56:18 [INFO] [MinecraftTest] Enabling MinecraftTest v0.0.1
2014-08-26 12:56:18 [INFO] [MinecraftTest] Starting to enable Test Plugin
2014-08-26 12:56:18 [INFO] Server permissions file permissions.yml is empty, ignoring it
2014-08-26 12:56:18 [INFO] CONSOLE: [0;32;1mReload complete.[m
2014-08-26 12:56:45 [INFO] [MinecraftTest] Disabling MinecraftTest v0.0.1
2014-08-26 12:56:45 [INFO] [MinecraftTest] Goodbye World!
2014-08-26 12:56:45 [INFO] [MinecraftTest] Loading MinecraftTest v0.0.1
2014-08-26 12:56:45 [INFO] [MinecraftTest] Enabling MinecraftTest v0.0.1
2014-08-26 12:56:45 [INFO] [MinecraftTest] Starting to enable Test Plugin
2014-08-26 12:56:45 [INFO] Server permissions file permissions.yml is empty, ignoring it
2014-08-26 12:56:45 [INFO] CONSOLE: [0;32;1mReload complete.[m
2014-08-26 12:56:56 [INFO] THE_F3l1x issued server command: /give the_f3l1x EMERALD 1
2014-08-26 12:56:56 [INFO] THE_F3l1x: Gave THE_F3l1x some 388 (EMERALD)[m
2014-08-26 12:57:28 [INFO] [MinecraftTest] Disabling MinecraftTest v0.0.1
2014-08-26 12:57:28 [INFO] [MinecraftTest] Goodbye World!
2014-08-26 12:57:28 [INFO] [MinecraftTest] Loading MinecraftTest v0.0.1
2014-08-26 12:57:28 [INFO] [MinecraftTest] Enabling MinecraftTest v0.0.1
2014-08-26 12:57:28 [INFO] [MinecraftTest] Starting to enable Test Plugin
2014-08-26 12:57:28 [INFO] Server permissions file permissions.yml is empty, ignoring it
2014-08-26 12:57:28 [INFO] CONSOLE: [0;32;1mReload complete.[m
2014-08-26 12:57:36 [INFO] THE_F3l1x issued server command: /give the_f3l1x EMERALD 1
2014-08-26 12:57:36 [INFO] THE_F3l1x: Gave THE_F3l1x some 388 (EMERALD)[m
2014-08-26 12:58:57 [INFO] [MinecraftTest] Disabling MinecraftTest v0.0.1
2014-08-26 12:58:57 [INFO] [MinecraftTest] Goodbye World!
2014-08-26 12:58:57 [INFO] [MinecraftTest] Loading MinecraftTest v0.0.1
2014-08-26 12:58:57 [INFO] [MinecraftTest] Enabling MinecraftTest v0.0.1
2014-08-26 12:58:57 [INFO] [MinecraftTest] Starting to enable Test Plugin
2014-08-26 12:58:57 [INFO] Server permissions file permissions.yml is empty, ignoring it
2014-08-26 12:58:57 [INFO] CONSOLE: [0;32;1mReload complete.[m
2014-08-26 12:59:02 [INFO] THE_F3l1x issued server command: /give the_f3l1x EMERALD 1
2014-08-26 12:59:02 [INFO] THE_F3l1x: Gave THE_F3l1x some 388 (EMERALD)[m
2014-08-26 12:59:42 [INFO] [MinecraftTest] Disabling MinecraftTest v0.0.1
2014-08-26 12:59:42 [INFO] [MinecraftTest] Goodbye World!
2014-08-26 12:59:42 [INFO] [MinecraftTest] Loading MinecraftTest v0.0.1
2014-08-26 12:59:42 [INFO] [MinecraftTest] Enabling MinecraftTest v0.0.1
2014-08-26 12:59:42 [INFO] [MinecraftTest] Starting to enable Test Plugin
2014-08-26 12:59:42 [INFO] Server permissions file permissions.yml is empty, ignoring it
2014-08-26 12:59:42 [INFO] CONSOLE: [0;32;1mReload complete.[m
2014-08-26 12:59:47 [INFO] THE_F3l1x issued server command: /give the_f3l1x EMERALD 1
2014-08-26 12:59:47 [INFO] THE_F3l1x: Gave THE_F3l1x some 388 (EMERALD)[m
2014-08-26 12:59:54 [INFO] THE_F3l1x issued server command: /give the_f3l1x EMERALD 1
2014-08-26 12:59:54 [INFO] THE_F3l1x: Gave THE_F3l1x some 388 (EMERALD)[m
2014-08-26 13:00:08 [INFO] THE_F3l1x issued server command: /give the_f3l1x diamond_sword 1
2014-08-26 13:00:08 [INFO] THE_F3l1x: Gave THE_F3l1x some 276 (DIAMOND_SWORD)[m
2014-08-26 13:00:46 [INFO] THE_F3l1x issued server command: /give the_f3l1x EMERALD 1
2014-08-26 13:00:46 [INFO] THE_F3l1x: Gave THE_F3l1x some 388 (EMERALD)[m
2014-08-26 13:11:51 [WARNING] Can't keep up! Did the system time change, or is the server overloaded?
2014-08-26 13:16:11 [INFO] CONSOLE: Stopping the server..[m
2014-08-26 13:16:11 [INFO] Stopping server
2014-08-26 13:16:11 [INFO] [MinecraftTest] Disabling MinecraftTest v0.0.1
2014-08-26 13:16:11 [INFO] [MinecraftTest] Goodbye World!
2014-08-26 13:16:11 [INFO] Saving players
2014-08-26 13:16:11 [INFO] §eTHE_F3l1x left the game.
2014-08-26 13:16:11 [INFO] Saving worlds
2014-08-26 13:16:11 [INFO] Saving chunks for level 'world'/Overworld
2014-08-26 13:16:11 [WARNING] DSCT: socket closed
2014-08-26 13:16:11 [INFO] Closing listening thread
2014-08-26 13:16:12 [INFO] Saving chunks for level 'world_nether'/Nether
2014-08-26 13:16:12 [INFO] Saving chunks for level 'world_the_end'/The End
2014-08-26 13:46:56 [INFO] Starting minecraft server version 1.6.4
2014-08-26 13:46:56 [INFO] Loading properties
2014-08-26 13:46:56 [INFO] Default game type: SURVIVAL
2014-08-26 13:46:56 [INFO] Generating keypair
2014-08-26 13:46:56 [INFO] Starting Minecraft server on *:25565
2014-08-26 13:46:57 [INFO] This server is running CraftBukkit version git-Bukkit-1.6.4-R2.0-b2918jnks (MC: 1.6.4) (Implementing API version 1.6.4-R2.0)
2014-08-26 13:46:57 [INFO] [MinecraftTest] Loading MinecraftTest v0.0.1
2014-08-26 13:46:57 [INFO] Preparing level "world"
2014-08-26 13:46:57 [INFO] Preparing start region for level 0 (Seed: 4132268075241028673)
2014-08-26 13:46:58 [INFO] Preparing start region for level 1 (Seed: 4132268075241028673)
2014-08-26 13:46:58 [INFO] Preparing start region for level 2 (Seed: 4132268075241028673)
2014-08-26 13:46:58 [INFO] [MinecraftTest] Enabling MinecraftTest v0.0.1
2014-08-26 13:46:58 [INFO] [MinecraftTest] Starting to enable Test Plugin
2014-08-26 13:46:58 [INFO] Server permissions file permissions.yml is empty, ignoring it
2014-08-26 13:46:58 [INFO] Done (1.556s)! For help, type "help" or "?"
2014-08-26 13:47:08 [INFO] THE_F3l1x[/127.0.0.1:36471] logged in with entity id 178 at ([world] -73.00539225117174, 71.0, 253.02874769377644)
2014-08-26 13:47:20 [INFO] THE_F3l1x issued server command: /give the_f3l1x EMERALD 1
2014-08-26 13:47:20 [INFO] THE_F3l1x: Gave THE_F3l1x some 388 (EMERALD)[m
2014-08-26 14:15:27 [INFO] THE_F3l1x issued server command: /weather clear 1000000
2014-08-26 14:15:27 [INFO] THE_F3l1x: Changed weather to clear for 1000000 seconds.[m
2014-08-26 14:23:02 [INFO] [MinecraftTest] Disabling MinecraftTest v0.0.1
2014-08-26 14:23:02 [INFO] [MinecraftTest] Goodbye World!
2014-08-26 14:23:02 [INFO] [MinecraftTest] Loading MinecraftTest v0.0.1
2014-08-26 14:23:02 [INFO] [MinecraftTest] Enabling MinecraftTest v0.0.1
2014-08-26 14:23:02 [INFO] [MinecraftTest] Starting to enable Test Plugin
2014-08-26 14:23:02 [INFO] Server permissions file permissions.yml is empty, ignoring it
2014-08-26 14:23:02 [INFO] CONSOLE: [0;32;1mReload complete.[m
2014-08-26 14:23:05 [INFO] [MinecraftTest] Disabling MinecraftTest v0.0.1
2014-08-26 14:23:05 [INFO] [MinecraftTest] Goodbye World!
2014-08-26 14:23:05 [INFO] [MinecraftTest] Loading MinecraftTest v0.0.1
2014-08-26 14:23:05 [INFO] [MinecraftTest] Enabling MinecraftTest v0.0.1
2014-08-26 14:23:05 [INFO] [MinecraftTest] Starting to enable Test Plugin
2014-08-26 14:23:05 [INFO] Server permissions file permissions.yml is empty, ignoring it
2014-08-26 14:23:05 [INFO] CONSOLE: [0;32;1mReload complete.[m
2014-08-26 14:23:11 [INFO] THE_F3l1x issued server command: /give the_f3l1x EMERALD 1
2014-08-26 14:23:11 [INFO] THE_F3l1x: Gave THE_F3l1x some 388 (EMERALD)[m
2014-08-26 14:24:20 [INFO] [MinecraftTest] Disabling MinecraftTest v0.0.1
2014-08-26 14:24:20 [INFO] [MinecraftTest] Goodbye World!
2014-08-26 14:24:20 [INFO] [MinecraftTest] Loading MinecraftTest v0.0.1
2014-08-26 14:24:20 [INFO] [MinecraftTest] Enabling MinecraftTest v0.0.1
2014-08-26 14:24:20 [INFO] [MinecraftTest] Starting to enable Test Plugin
2014-08-26 14:24:20 [INFO] Server permissions file permissions.yml is empty, ignoring it
2014-08-26 14:24:20 [INFO] CONSOLE: [0;32;1mReload complete.[m
2014-08-26 14:24:24 [INFO] THE_F3l1x issued server command: /give the_f3l1x EMERALD 1
2014-08-26 14:24:24 [INFO] THE_F3l1x: Gave THE_F3l1x some 388 (EMERALD)[m
2014-08-26 14:25:08 [INFO] [MinecraftTest] Disabling MinecraftTest v0.0.1
2014-08-26 14:25:08 [INFO] [MinecraftTest] Goodbye World!
2014-08-26 14:25:08 [INFO] [MinecraftTest] Loading MinecraftTest v0.0.1
2014-08-26 14:25:08 [INFO] [MinecraftTest] Enabling MinecraftTest v0.0.1
2014-08-26 14:25:08 [INFO] [MinecraftTest] Starting to enable Test Plugin
2014-08-26 14:25:08 [INFO] Server permissions file permissions.yml is empty, ignoring it
2014-08-26 14:25:08 [INFO] CONSOLE: [0;32;1mReload complete.[m
2014-08-26 14:25:16 [INFO] THE_F3l1x issued server command: /give the_f3l1x EMERALD 1
2014-08-26 14:25:16 [INFO] THE_F3l1x: Gave THE_F3l1x some 388 (EMERALD)[m
2014-08-26 14:25:55 [INFO] [MinecraftTest] Disabling MinecraftTest v0.0.1
2014-08-26 14:25:55 [INFO] [MinecraftTest] Goodbye World!
2014-08-26 14:25:55 [INFO] [MinecraftTest] Loading MinecraftTest v0.0.1
2014-08-26 14:25:55 [INFO] [MinecraftTest] Enabling MinecraftTest v0.0.1
2014-08-26 14:25:55 [INFO] [MinecraftTest] Starting to enable Test Plugin
2014-08-26 14:25:55 [INFO] Server permissions file permissions.yml is empty, ignoring it
2014-08-26 14:25:55 [INFO] CONSOLE: [0;32;1mReload complete.[m
2014-08-26 14:26:02 [INFO] THE_F3l1x issued server command: /give the_f3l1x EMERALD 1
2014-08-26 14:26:02 [INFO] THE_F3l1x: Gave THE_F3l1x some 388 (EMERALD)[m
2014-08-26 14:27:14 [INFO] [MinecraftTest] Disabling MinecraftTest v0.0.1
2014-08-26 14:27:14 [INFO] [MinecraftTest] Goodbye World!
2014-08-26 14:27:14 [INFO] [MinecraftTest] Loading MinecraftTest v0.0.1
2014-08-26 14:27:14 [INFO] [MinecraftTest] Enabling MinecraftTest v0.0.1
2014-08-26 14:27:14 [INFO] [MinecraftTest] Starting to enable Test Plugin
2014-08-26 14:27:14 [INFO] Server permissions file permissions.yml is empty, ignoring it
2014-08-26 14:27:14 [INFO] CONSOLE: [0;32;1mReload complete.[m
2014-08-26 14:28:33 [INFO] [MinecraftTest] Disabling MinecraftTest v0.0.1
2014-08-26 14:28:33 [INFO] [MinecraftTest] Goodbye World!
2014-08-26 14:28:33 [INFO] [MinecraftTest] Loading MinecraftTest v0.0.1
2014-08-26 14:28:33 [INFO] [MinecraftTest] Enabling MinecraftTest v0.0.1
2014-08-26 14:28:33 [INFO] [MinecraftTest] Starting to enable Test Plugin
2014-08-26 14:28:33 [INFO] Server permissions file permissions.yml is empty, ignoring it
2014-08-26 14:28:33 [INFO] CONSOLE: [0;32;1mReload complete.[m
2014-08-26 14:28:40 [INFO] THE_F3l1x issued server command: /give the_f3l1x EMERALD 1
2014-08-26 14:28:40 [INFO] THE_F3l1x: Gave THE_F3l1x some 388 (EMERALD)[m
2014-08-26 15:24:40 [INFO] THE_F3l1x issued server command: /weather clear 10000000
2014-08-26 15:24:40 [INFO] THE_F3l1x: Changed weather to clear for 1000000 seconds.[m
2014-08-26 15:24:43 [INFO] THE_F3l1x issued server command: /weather clear 100000000
2014-08-26 15:24:43 [INFO] THE_F3l1x: Changed weather to clear for 1000000 seconds.[m
2014-08-26 15:58:56 [INFO] THE_F3l1x lost connection: disconnect.quitting
2014-08-26 15:58:56 [INFO] Connection reset
2014-08-26 15:58:56 [INFO] §eTHE_F3l1x left the game.
2014-08-26 17:57:13 [WARNING] Can't keep up! Did the system time change, or is the server overloaded?
2014-08-26 18:37:31 [WARNING] Can't keep up! Did the system time change, or is the server overloaded?
2014-08-26 18:42:51 [WARNING] Can't keep up! Did the system time change, or is the server overloaded?
2014-08-26 23:31:17 [INFO] CONSOLE: Stopping the server..[m
2014-08-26 23:31:17 [INFO] Stopping server
2014-08-26 23:31:17 [INFO] [MinecraftTest] Disabling MinecraftTest v0.0.1
2014-08-26 23:31:17 [INFO] [MinecraftTest] Goodbye World!
2014-08-26 23:31:17 [INFO] Saving players
2014-08-26 23:31:17 [INFO] Saving worlds
2014-08-26 23:31:17 [INFO] Saving chunks for level 'world'/Overworld
2014-08-26 23:31:17 [WARNING] DSCT: socket closed
2014-08-26 23:31:17 [INFO] Closing listening thread
2014-08-26 23:31:17 [INFO] Saving chunks for level 'world_nether'/Nether
2014-08-26 23:31:17 [INFO] Saving chunks for level 'world_the_end'/The End
